<?xml version="1.0" encoding="UTF-8"?>
<testsuite name="AntyCaptcha_Exercise_2" tests="1" skipped="0" failures="0" errors="0" timestamp="2022-05-05T12:28:14" hostname="DESKTOP-TR82GT5" time="3.969">
  <properties/>
  <testcase name="test()" classname="AntyCaptcha_Exercise_2" time="3.969"/>
  <system-out><![CDATA[]]></system-out>
  <system-err><![CDATA[Starting ChromeDriver 100.0.4896.60 (6a5d10861ce8de5fce22564658033b43cb7de047-refs/branch-heads/4896@{#875}) on port 53057
Only local connections are allowed.
Please see https://chromedriver.chromium.org/security-considerations for suggestions on keeping ChromeDriver safe.
ChromeDriver was started successfully.
maj 05, 2022 2:28:14 PM org.openqa.selenium.remote.ProtocolHandshake createSession
INFO: Detected dialect: W3C
maj 05, 2022 2:28:14 PM org.openqa.selenium.devtools.CdpVersionFinder findNearestMatch
INFO: Found exact CDP implementation for version 100
]]></system-err>
</testsuite>
